<?xml version="1.0" encoding="UTF-8"?>
<!-- Generated by org.testng.reporters.JUnitReportReporter -->
<testsuite name="org.runnerClass.RunnerClass" tests="2" time="13.478" ignored="0" failures="0" timestamp="15 Mar 2022 15:40:08 GMT" skipped="0" hostname="DESKTOP-TP5S4F1" errors="0">
  <testcase name="runScenario" time="7.796" classname="org.runnerClass.RunnerClass"/>
  <testcase name="runScenario" time="5.682" classname="org.runnerClass.RunnerClass"/>
</testsuite> <!-- org.runnerClass.RunnerClass -->
