<?xml version="1.0" encoding="UTF-8"?>
<!-- Generated by org.testng.reporters.JUnitReportReporter -->
<testsuite skipped="0" hostname="DESKTOP-TP5S4F1" name="org.runnerClass.RunnerClass" tests="2" failures="0" timestamp="16 Mar 2022 03:45:09 GMT" time="13.083" errors="0">
  <testcase name="runScenario" time="5.086" classname="org.runnerClass.RunnerClass"/>
  <testcase name="runScenario" time="7.997" classname="org.runnerClass.RunnerClass"/>
</testsuite> <!-- org.runnerClass.RunnerClass -->
